[03/03/23, 08:29:05] [HTTP] {"url":"/album/some-invalid-id","method":"GET","params":{"id":"some-invalid-id"},"query":{},"body":{},"status":400,"message":"Validation failed (uuid is expected)"}
[03/03/23, 08:29:05] [HTTP] {"url":"/album/0a35dd62-e09f-444b-a628-f4e7c6954f57","method":"GET","params":{"id":"0a35dd62-e09f-444b-a628-f4e7c6954f57"},"query":{},"body":{},"status":404,"message":"Album with id: 0a35dd62-e09f-444b-a628-f4e7c6954f57 not found"}
[03/03/23, 08:29:06] [HTTP] {"url":"/user/some-invalid-id","method":"GET","params":{"id":"some-invalid-id"},"query":{},"body":{},"status":400,"message":"Validation failed (uuid is expected)"}
[03/03/23, 08:29:06] [HTTP] {"url":"/user/0a35dd62-e09f-444b-a628-f4e7c6954f57","method":"GET","params":{"id":"0a35dd62-e09f-444b-a628-f4e7c6954f57"},"query":{},"body":{},"status":404,"message":"User with id: 0a35dd62-e09f-444b-a628-f4e7c6954f57 not found"}
[03/03/23, 08:29:06] [HTTP] {"url":"/album","method":"POST","params":{},"query":{},"body":{"name":null,"year":"2022"},"status":400,"message":"Bad Request Exception"}
[03/03/23, 08:29:06] [HTTP] {"url":"/album","method":"POST","params":{},"query":{},"body":{},"status":400,"message":"Bad Request Exception"}
[03/03/23, 08:29:06] [HTTP] {"url":"/album","method":"POST","params":{},"query":{},"body":{"name":"TEST_ALBUM"},"status":400,"message":"Bad Request Exception"}
[03/03/23, 08:29:06] [HTTP] {"url":"/album","method":"POST","params":{},"query":{},"body":{"year":2022},"status":400,"message":"Bad Request Exception"}
[03/03/23, 08:29:06] [HTTP] {"url":"/user","method":"POST","params":{},"query":{},"body":{"login":null,"password":12345},"status":400,"message":"Bad Request Exception"}
[03/03/23, 08:29:06] [HTTP] {"url":"/user","method":"POST","params":{},"query":{},"body":{},"status":400,"message":"Bad Request Exception"}
[03/03/23, 08:29:06] [HTTP] {"url":"/user","method":"POST","params":{},"query":{},"body":{"login":"TEST_LOGIN"},"status":400,"message":"Bad Request Exception"}
[03/03/23, 08:29:06] [HTTP] {"url":"/user","method":"POST","params":{},"query":{},"body":{"password":"TEST_PASSWORD"},"status":400,"message":"Bad Request Exception"}
[03/03/23, 08:29:07] [HTTP] {"url":"/album/some-invalid-id","method":"PUT","params":{"id":"some-invalid-id"},"query":{},"body":{"name":"TEST_ALBUM","year":2021,"artistId":null},"status":400,"message":"Validation failed (uuid is expected)"}
[03/03/23, 08:29:07] [HTTP] {"url":"/album/4021e811-ce8a-4c17-a425-28a9e8487b73","method":"PUT","params":{"id":"4021e811-ce8a-4c17-a425-28a9e8487b73"},"query":{},"body":{"name":true,"year":"2021","artistId":123},"status":400,"message":"Bad Request Exception"}
[03/03/23, 08:29:07] [HTTP] {"url":"/album/0a35dd62-e09f-444b-a628-f4e7c6954f57","method":"PUT","params":{"id":"0a35dd62-e09f-444b-a628-f4e7c6954f57"},"query":{},"body":{"name":"TEST_ALBUM","year":2021,"artistId":null},"status":404,"message":"Album with id: 0a35dd62-e09f-444b-a628-f4e7c6954f57 not found"}
[03/03/23, 08:29:08] [HTTP] {"url":"/user/3e93b3e0-7f64-4f0d-a00f-cb09d564e98e","method":"PUT","params":{"id":"3e93b3e0-7f64-4f0d-a00f-cb09d564e98e"},"query":{},"body":{"oldPassword":"TEST_PASSWORD","newPassword":"NEW_PASSWORD"},"status":403,"message":"Wrong old password"}
[03/03/23, 08:29:08] [HTTP] {"url":"/album/8b91e53b-650a-4d15-8645-3ae906b88a1b","method":"GET","params":{"id":"8b91e53b-650a-4d15-8645-3ae906b88a1b"},"query":{},"body":{},"status":404,"message":"Album with id: 8b91e53b-650a-4d15-8645-3ae906b88a1b not found"}
[03/03/23, 08:29:08] [HTTP] {"url":"/album/some-invalid-id","method":"DELETE","params":{"id":"some-invalid-id"},"query":{},"body":{},"status":400,"message":"Validation failed (uuid is expected)"}
[03/03/23, 08:29:08] [HTTP] {"url":"/album/0a35dd62-e09f-444b-a628-f4e7c6954f57","method":"DELETE","params":{"id":"0a35dd62-e09f-444b-a628-f4e7c6954f57"},"query":{},"body":{},"status":404,"message":"Album with id: 0a35dd62-e09f-444b-a628-f4e7c6954f57 not found"}
[03/03/23, 08:29:08] [HTTP] {"url":"/user/some-invalid-id","method":"PUT","params":{"id":"some-invalid-id"},"query":{},"body":{"oldPassword":"test","newPassword":"fake"},"status":400,"message":"Validation failed (uuid is expected)"}
[03/03/23, 08:29:08] [HTTP] {"url":"/user/0a35dd62-e09f-444b-a628-f4e7c6954f57","method":"PUT","params":{"id":"0a35dd62-e09f-444b-a628-f4e7c6954f57"},"query":{},"body":{},"status":400,"message":"Bad Request Exception"}
[03/03/23, 08:29:08] [HTTP] {"url":"/user/0a35dd62-e09f-444b-a628-f4e7c6954f57","method":"PUT","params":{"id":"0a35dd62-e09f-444b-a628-f4e7c6954f57"},"query":{},"body":{"oldPassword":"test","newPassword":"fake"},"status":404,"message":"User with id: 0a35dd62-e09f-444b-a628-f4e7c6954f57 not found"}
[03/03/23, 08:29:09] [HTTP] {"url":"/user/82f3bc7e-777c-4800-af57-af59f4377037","method":"GET","params":{"id":"82f3bc7e-777c-4800-af57-af59f4377037"},"query":{},"body":{},"status":404,"message":"User with id: 82f3bc7e-777c-4800-af57-af59f4377037 not found"}
[03/03/23, 08:29:09] [HTTP] {"url":"/user/some-invalid-id","method":"DELETE","params":{"id":"some-invalid-id"},"query":{},"body":{},"status":400,"message":"Validation failed (uuid is expected)"}
[03/03/23, 08:29:09] [HTTP] {"url":"/favs/artist/invalid","method":"POST","params":{"id":"invalid"},"query":{},"body":{},"status":400,"message":"Validation failed (uuid is expected)"}
[03/03/23, 08:29:09] [HTTP] {"url":"/user/0a35dd62-e09f-444b-a628-f4e7c6954f57","method":"DELETE","params":{"id":"0a35dd62-e09f-444b-a628-f4e7c6954f57"},"query":{},"body":{},"status":404,"message":"User with id: 0a35dd62-e09f-444b-a628-f4e7c6954f57 not found"}
[03/03/23, 08:29:09] [HTTP] {"url":"/favs/album/invalid","method":"POST","params":{"id":"invalid"},"query":{},"body":{},"status":400,"message":"Validation failed (uuid is expected)"}
[03/03/23, 08:29:09] [HTTP] {"url":"/favs/track/invalid","method":"POST","params":{"id":"invalid"},"query":{},"body":{},"status":400,"message":"Validation failed (uuid is expected)"}
[03/03/23, 08:29:09] [HTTP] {"url":"/favs/artist/0a35dd62-e09f-444b-a628-f4e7c6954f57","method":"POST","params":{"id":"0a35dd62-e09f-444b-a628-f4e7c6954f57"},"query":{},"body":{},"status":422,"message":"Artist with id: '0a35dd62-e09f-444b-a628-f4e7c6954f57' not found"}
[03/03/23, 08:29:09] [HTTP] {"url":"/favs/album/0a35dd62-e09f-444b-a628-f4e7c6954f57","method":"POST","params":{"id":"0a35dd62-e09f-444b-a628-f4e7c6954f57"},"query":{},"body":{},"status":422,"message":"Album with id: '0a35dd62-e09f-444b-a628-f4e7c6954f57' not found"}
[03/03/23, 08:29:09] [HTTP] {"url":"/favs/track/0a35dd62-e09f-444b-a628-f4e7c6954f57","method":"POST","params":{"id":"0a35dd62-e09f-444b-a628-f4e7c6954f57"},"query":{},"body":{},"status":422,"message":"Track with id: '0a35dd62-e09f-444b-a628-f4e7c6954f57' not found"}
[03/03/23, 08:29:10] [HTTP] {"url":"/artist/some-invalid-id","method":"GET","params":{"id":"some-invalid-id"},"query":{},"body":{},"status":400,"message":"Validation failed (uuid is expected)"}
[03/03/23, 08:29:10] [HTTP] {"url":"/artist/0a35dd62-e09f-444b-a628-f4e7c6954f57","method":"GET","params":{"id":"0a35dd62-e09f-444b-a628-f4e7c6954f57"},"query":{},"body":{},"status":404,"message":"Artist with id: 0a35dd62-e09f-444b-a628-f4e7c6954f57 not found"}
[03/03/23, 08:29:11] [HTTP] {"url":"/artist","method":"POST","params":{},"query":{},"body":{"name":null,"grammy":"true"},"status":400,"message":"Bad Request Exception"}
[03/03/23, 08:29:11] [HTTP] {"url":"/artist","method":"POST","params":{},"query":{},"body":{},"status":400,"message":"Bad Request Exception"}
[03/03/23, 08:29:11] [HTTP] {"url":"/artist","method":"POST","params":{},"query":{},"body":{"grammy":true},"status":400,"message":"Bad Request Exception"}
[03/03/23, 08:29:11] [HTTP] {"url":"/artist","method":"POST","params":{},"query":{},"body":{"name":"TEST_artist"},"status":400,"message":"Bad Request Exception"}
[03/03/23, 08:29:11] [HTTP] {"url":"/track/some-invalid-id","method":"GET","params":{"id":"some-invalid-id"},"query":{},"body":{},"status":400,"message":"Validation failed (uuid is expected)"}
[03/03/23, 08:29:11] [HTTP] {"url":"/track/0a35dd62-e09f-444b-a628-f4e7c6954f57","method":"GET","params":{"id":"0a35dd62-e09f-444b-a628-f4e7c6954f57"},"query":{},"body":{},"status":404,"message":"Track with id: 0a35dd62-e09f-444b-a628-f4e7c6954f57 not found"}
[03/03/23, 08:29:11] [HTTP] {"url":"/artist/some-invalid-id","method":"PUT","params":{"id":"some-invalid-id"},"query":{},"body":{"name":"TEST_artist","grammy":false},"status":400,"message":"Validation failed (uuid is expected)"}
[03/03/23, 08:29:11] [HTTP] {"url":"/track","method":"POST","params":{},"query":{},"body":{"name":"TEST_TRACK"},"status":400,"message":"Bad Request Exception"}
[03/03/23, 08:29:11] [HTTP] {"url":"/track","method":"POST","params":{},"query":{},"body":{},"status":400,"message":"Bad Request Exception"}
[03/03/23, 08:29:11] [HTTP] {"url":"/track","method":"POST","params":{},"query":{},"body":{"duration":99},"status":400,"message":"Bad Request Exception"}
[03/03/23, 08:29:12] [HTTP] {"url":"/track","method":"POST","params":{},"query":{},"body":{"name":null,"duration":"99"},"status":400,"message":"Bad Request Exception"}
[03/03/23, 08:29:12] [HTTP] {"url":"/artist/42810867-20a7-4345-a8df-ef410167d507","method":"PUT","params":{"id":"42810867-20a7-4345-a8df-ef410167d507"},"query":{},"body":{"name":12345,"grammy":"false"},"status":400,"message":"Bad Request Exception"}
[03/03/23, 08:29:12] [HTTP] {"url":"/artist/0a35dd62-e09f-444b-a628-f4e7c6954f57","method":"PUT","params":{"id":"0a35dd62-e09f-444b-a628-f4e7c6954f57"},"query":{},"body":{"name":"TEST_artist","grammy":false},"status":404,"message":"Artist with id: 0a35dd62-e09f-444b-a628-f4e7c6954f57 not found"}
[03/03/23, 08:29:12] [HTTP] {"url":"/album/some-invalid-id","method":"DELETE","params":{"id":"some-invalid-id"},"query":{},"body":{},"status":400,"message":"Validation failed (uuid is expected)"}
[03/03/23, 08:29:12] [HTTP] {"url":"/track/some-invalid-id","method":"PUT","params":{"id":"some-invalid-id"},"query":{},"body":{"name":"TEST_TRACK","duration":188,"artistId":null,"albumId":null},"status":400,"message":"Validation failed (uuid is expected)"}
[03/03/23, 08:29:12] [HTTP] {"url":"/artist/0bc35350-214d-42a5-b16c-3061c9c8a8da","method":"GET","params":{"id":"0bc35350-214d-42a5-b16c-3061c9c8a8da"},"query":{},"body":{},"status":404,"message":"Artist with id: 0bc35350-214d-42a5-b16c-3061c9c8a8da not found"}
[03/03/23, 08:29:12] [HTTP] {"url":"/artist/some-invalid-id","method":"DELETE","params":{"id":"some-invalid-id"},"query":{},"body":{},"status":400,"message":"Validation failed (uuid is expected)"}
[03/03/23, 08:29:12] [HTTP] {"url":"/album/0a35dd62-e09f-444b-a628-f4e7c6954f57","method":"DELETE","params":{"id":"0a35dd62-e09f-444b-a628-f4e7c6954f57"},"query":{},"body":{},"status":404,"message":"Album with id: 0a35dd62-e09f-444b-a628-f4e7c6954f57 not found"}
[03/03/23, 08:29:12] [HTTP] {"url":"/artist/0a35dd62-e09f-444b-a628-f4e7c6954f57","method":"DELETE","params":{"id":"0a35dd62-e09f-444b-a628-f4e7c6954f57"},"query":{},"body":{},"status":404,"message":"Artist with id: 0a35dd62-e09f-444b-a628-f4e7c6954f57 not found"}
[03/03/23, 08:29:12] [HTTP] {"url":"/artist/0a35dd62-e09f-444b-a628-f4e7c6954f57","method":"DELETE","params":{"id":"0a35dd62-e09f-444b-a628-f4e7c6954f57"},"query":{},"body":{},"status":404,"message":"Artist with id: 0a35dd62-e09f-444b-a628-f4e7c6954f57 not found"}
[03/03/23, 08:29:12] [HTTP] {"url":"/track/df67b5e5-2811-4cce-b63f-6dddbf09230c","method":"PUT","params":{"id":"df67b5e5-2811-4cce-b63f-6dddbf09230c"},"query":{},"body":{"name":null,"duration":"188","artistId":123,"albumId":123},"status":400,"message":"Bad Request Exception"}
[03/03/23, 08:29:13] [HTTP] {"url":"/track/0a35dd62-e09f-444b-a628-f4e7c6954f57","method":"DELETE","params":{"id":"0a35dd62-e09f-444b-a628-f4e7c6954f57"},"query":{},"body":{},"status":404,"message":"Track with id: 0a35dd62-e09f-444b-a628-f4e7c6954f57 not found"}
[03/03/23, 08:29:13] [HTTP] {"url":"/track/0a35dd62-e09f-444b-a628-f4e7c6954f57","method":"PUT","params":{"id":"0a35dd62-e09f-444b-a628-f4e7c6954f57"},"query":{},"body":{"name":"TEST_TRACK","duration":188,"artistId":null,"albumId":null},"status":404,"message":"Track with id: 0a35dd62-e09f-444b-a628-f4e7c6954f57 not found"}
[03/03/23, 08:29:13] [HTTP] {"url":"/track/1ee974c6-363e-4ce3-acc0-e0e49bfebc38","method":"GET","params":{"id":"1ee974c6-363e-4ce3-acc0-e0e49bfebc38"},"query":{},"body":{},"status":404,"message":"Track with id: 1ee974c6-363e-4ce3-acc0-e0e49bfebc38 not found"}
[03/03/23, 08:29:13] [HTTP] {"url":"/track/some-invalid-id","method":"DELETE","params":{"id":"some-invalid-id"},"query":{},"body":{},"status":400,"message":"Validation failed (uuid is expected)"}
[03/03/23, 08:29:13] [HTTP] {"url":"/track/0a35dd62-e09f-444b-a628-f4e7c6954f57","method":"DELETE","params":{"id":"0a35dd62-e09f-444b-a628-f4e7c6954f57"},"query":{},"body":{},"status":404,"message":"Track with id: 0a35dd62-e09f-444b-a628-f4e7c6954f57 not found"}
[03/03/23, 08:34:08] [HTTP] {"url":"/auth/login","method":"POST","params":{},"query":{},"body":{"login":"misha","password":"1234"},"status":403,"message":"User does not exist"}
[03/03/23, 08:34:15] [HTTP] {"url":"/auth/signup","method":"POST","params":{},"query":{},"body":{"login":"misha","password":"1234"},"status":500,"message":"Internal server error"}
